<?xml version="1.0" encoding="UTF-8"?>
<!-- Generated by org.testng.reporters.JUnitReportReporter -->
<testsuite hostname="LAPTOP-V26TDURT" name="LearningTestNG.SecondTestNGclass" tests="1" failures="0" timestamp="22 Jan 2017 09:03:37 GMT" time="0.004" errors="0">
  <testcase name="loginsecontestngclass" time="0.004" classname="LearningTestNG.SecondTestNGclass"/>
</testsuite> <!-- LearningTestNG.SecondTestNGclass -->
