<?xml version="1.0" encoding="UTF-8"?>
<!-- Generated by org.testng.reporters.JUnitReportReporter -->
<testsuite hostname="LAPTOP-V26TDURT" name="LearningSelenium.ReadandaddToExcelsheet" tests="1" failures="0" timestamp="12 Feb 2017 04:47:13 GMT" time="7.630" errors="0">
  <testcase name="rrrr" time="7.630" classname="LearningSelenium.ReadandaddToExcelsheet"/>
</testsuite> <!-- LearningSelenium.ReadandaddToExcelsheet -->
