<?xml version="1.0" encoding="UTF-8"?>
<!-- Generated by org.testng.reporters.JUnitReportReporter -->
<testsuite hostname="LAPTOP-V26TDURT" name="LearningSelenium.Readfrompropertiesfile" tests="1" failures="0" timestamp="17 Jan 2017 15:35:56 GMT" time="47.261" errors="0">
  <testcase name="loginToaccount" time="47.261" classname="LearningSelenium.Readfrompropertiesfile"/>
</testsuite> <!-- LearningSelenium.Readfrompropertiesfile -->
