<?xml version="1.0" encoding="UTF-8"?>
<!-- Generated by org.testng.reporters.JUnitReportReporter -->
<testsuite hostname="LAPTOP-V26TDURT" name="LearningTestNG.FirstTestNGclass" tests="1" failures="0" timestamp="4 Feb 2017 05:28:35 GMT" time="0.016" errors="0">
  <testcase name="arun" time="0.016" classname="LearningTestNG.FirstTestNGclass"/>
</testsuite> <!-- LearningTestNG.FirstTestNGclass -->
