<?xml version="1.0" encoding="UTF-8"?>
<!-- Generated by org.testng.reporters.JUnitReportReporter -->
<testsuite hostname="LAPTOP-V26TDURT" name="Test.CancelTiccketsTest" tests="1" failures="0" timestamp="25 Feb 2017 05:26:48 GMT" time="5.964" errors="0">
  <testcase name="checkingReset" time="5.964" classname="Test.CancelTiccketsTest"/>
</testsuite> <!-- Test.CancelTiccketsTest -->
