<?xml version="1.0" encoding="UTF-8"?>
<!-- Generated by org.testng.reporters.JUnitReportReporter -->
<testsuite hostname="LAPTOP-V26TDURT" name="Test.PNRStatusTest" tests="2" failures="0" timestamp="18 Feb 2017 16:00:32 GMT" time="1.466" errors="0">
  <testcase name="mobileNumberalert" time="0.742" classname="Test.PNRStatusTest"/>
  <testcase name="chePnrChekBox" time="0.724" classname="Test.PNRStatusTest"/>
</testsuite> <!-- Test.PNRStatusTest -->
