<?xml version="1.0" encoding="UTF-8"?>
<!-- Generated by org.testng.reporters.JUnitReportReporter -->
<testsuite name="com.cialfomultisport.News" tests="1" time="3.471" ignored="0" failures="0" timestamp="11 Feb 2017 12:49:34 GMT" skipped="0" hostname="LAPTOP-V26TDURT" errors="0">
  <testcase name="launchbroeswrfortest" time="3.471" classname="com.cialfomultisport.News"/>
</testsuite> <!-- com.cialfomultisport.News -->
