<?xml version="1.0" encoding="UTF-8"?>
<!-- Generated by org.testng.reporters.JUnitReportReporter -->
<testsuite name="com.cialfomultisport.Login" tests="1" time="96.150" ignored="0" failures="0" timestamp="25 Feb 2017 10:14:48 GMT" skipped="0" hostname="LAPTOP-V26TDURT" errors="0">
  <testcase name="loginToaccount" time="96.150" classname="com.cialfomultisport.Login"/>
</testsuite> <!-- com.cialfomultisport.Login -->
