<?xml version="1.0" encoding="UTF-8"?>
<!-- Generated by org.testng.reporters.JUnitReportReporter -->
<testsuite hostname="LAPTOP-V26TDURT" name="Mercury.norMalclass" tests="1" failures="0" timestamp="4 Sep 2016 09:32:56 GMT" time="0.024" errors="0">
  <testcase name="verifHomepagetitile" time="0.024" classname="Mercury.norMalclass"/>
</testsuite> <!-- Mercury.norMalclass -->
