<?xml version="1.0" encoding="UTF-8"?>
<!-- Generated by org.testng.reporters.JUnitReportReporter -->
<testsuite hostname="LAPTOP-V26TDURT" name="com.Dubizzle.Homepage" tests="1" failures="0" timestamp="3 Dec 2016 14:43:38 GMT" time="305.871" errors="0">
  <testcase name="f" time="305.871" classname="com.Dubizzle.Homepage"/>
</testsuite> <!-- com.Dubizzle.Homepage -->
